app/build/intermediates/manifest_merge_blame_file/release/manifest-merger-blame-release-report.txt
1<?xml version="1.0" encoding="utf-8"?>
2<manifest xmlns:android="http://schemas.android.com/apk/res/android"
3    package="wpam.recognizer"
4    android:versionCode="1"
5    android:versionName="1.0" >
6
7    <uses-sdk
8        android:minSdkVersion="24"
8-->src\main\AndroidManifest.xml
9        android:targetSdkVersion="28" />
9-->src\main\AndroidManifest.xml
10
11    <uses-permission android:name="android.permission.RECORD_AUDIO" />
11-->src\main\AndroidManifest.xml:7:5-71
11-->src\main\AndroidManifest.xml:7:22-68
12
13    <application
13-->src\main\AndroidManifest.xml:9:5-19:19
14        android:icon="@drawable/icon"
14-->src\main\AndroidManifest.xml:9:18-47
15        android:label="@string/app_name" >
15-->src\main\AndroidManifest.xml:9:48-80
16        <activity
16-->src\main\AndroidManifest.xml:10:9-16:20
17            android:name="wpam.recognizer.MainActivity"
17-->src\main\AndroidManifest.xml:10:19-47
18            android:label="@string/app_name"
18-->src\main\AndroidManifest.xml:10:48-80
19            android:screenOrientation="portrait" >
19-->src\main\AndroidManifest.xml:11:13-49
20            <intent-filter>
20-->src\main\AndroidManifest.xml:12:13-15:29
21                <action android:name="android.intent.action.MAIN" />
21-->src\main\AndroidManifest.xml:13:17-69
21-->src\main\AndroidManifest.xml:13:25-66
22
23                <category android:name="android.intent.category.LAUNCHER" />
23-->src\main\AndroidManifest.xml:14:17-77
23-->src\main\AndroidManifest.xml:14:27-74
24            </intent-filter>
25        </activity>
26        <activity
26-->src\main\AndroidManifest.xml:17:9-18:14
27            android:name="wpam.recognizer.HistoryActivity"
27-->src\main\AndroidManifest.xml:17:19-49
28            android:label="@string/history" >
28-->src\main\AndroidManifest.xml:17:50-81
29        </activity>
30    </application>
31
32</manifest>